2022-10-31 14:49:16,949:WARNING:
'cuml' is a soft dependency and not included in the pycaret installation. Please run: `pip install cuml` to install.
2022-10-31 14:49:16,949:WARNING:
'cuml' is a soft dependency and not included in the pycaret installation. Please run: `pip install cuml` to install.
2022-10-31 14:49:16,949:WARNING:
'cuml' is a soft dependency and not included in the pycaret installation. Please run: `pip install cuml` to install.
2022-10-31 14:49:16,949:WARNING:
'cuml' is a soft dependency and not included in the pycaret installation. Please run: `pip install cuml` to install.
2022-10-31 14:49:19,846:WARNING:
'prophet' is a soft dependency and not included in the pycaret installation. Please run: `pip install prophet` to install.
2022-10-31 14:51:02,238:INFO:PyCaret RegressionExperiment
2022-10-31 14:51:02,239:INFO:Logging name: reg-default-name
2022-10-31 14:51:02,239:INFO:ML Usecase: MLUsecase.REGRESSION
2022-10-31 14:51:02,239:INFO:version 3.0.0.rc4
2022-10-31 14:51:02,240:INFO:Initializing setup()
2022-10-31 14:51:02,240:INFO:self.USI: 19d6
2022-10-31 14:51:02,240:INFO:self.variable_keys: {'y_train', 'idx', '_all_models_internal', 'fold_groups_param', 'log_plots_param', 'exp_name_log', 'y', 'transform_target_method_param', 'logging_param', 'display_container', 'variable_keys', 'n_jobs_param', '_all_metrics', 'USI', 'seed', 'pipeline', '_gpu_n_jobs_param', 'target_param', 'transform_target_param', 'y_test', '_ml_usecase', '_all_models', 'X_test', 'data', 'gpu_param', 'exp_id', 'fold_generator', 'fold_shuffle_param', 'X', 'master_model_container', '_available_plots', 'html_param', 'X_train', 'memory'}
2022-10-31 14:51:02,240:INFO:Checking environment
2022-10-31 14:51:02,240:INFO:python_version: 3.9.7
2022-10-31 14:51:02,241:INFO:python_build: ('default', 'Sep 16 2021 16:59:28')
2022-10-31 14:51:02,241:INFO:machine: AMD64
2022-10-31 14:51:02,262:INFO:platform: Windows-10-10.0.19044-SP0
2022-10-31 14:51:02,262:INFO:Memory: svmem(total=8164143104, available=742404096, percent=90.9, used=7421739008, free=742404096)
2022-10-31 14:51:02,263:INFO:Physical Core: 4
2022-10-31 14:51:02,263:INFO:Logical Core: 8
2022-10-31 14:51:02,263:INFO:Checking libraries
2022-10-31 14:51:02,263:INFO:System:
2022-10-31 14:51:02,263:INFO:    python: 3.9.7 (default, Sep 16 2021, 16:59:28) [MSC v.1916 64 bit (AMD64)]
2022-10-31 14:51:02,263:INFO:executable: C:\Users\aviparna.biswas\Anaconda3\python.exe
2022-10-31 14:51:02,263:INFO:   machine: Windows-10-10.0.19044-SP0
2022-10-31 14:51:02,263:INFO:PyCaret required dependencies:
2022-10-31 14:51:02,263:INFO:                 pip: 22.3
2022-10-31 14:51:02,263:INFO:          setuptools: 65.5.0
2022-10-31 14:51:02,263:INFO:             pycaret: 3.0.0.dev1649017462
2022-10-31 14:51:02,264:INFO:             IPython: 8.1.1
2022-10-31 14:51:02,264:INFO:          ipywidgets: 7.6.5
2022-10-31 14:51:02,264:INFO:                tqdm: 4.63.0
2022-10-31 14:51:02,264:INFO:               numpy: 1.21.6
2022-10-31 14:51:02,264:INFO:              pandas: 1.4.1
2022-10-31 14:51:02,264:INFO:              jinja2: 2.11.3
2022-10-31 14:51:02,264:INFO:               scipy: 1.8.1
2022-10-31 14:51:02,264:INFO:              joblib: 1.1.0
2022-10-31 14:51:02,264:INFO:             sklearn: 1.1.3
2022-10-31 14:51:02,264:INFO:                pyod: 1.0.4
2022-10-31 14:51:02,264:INFO:            imblearn: 0.9.1
2022-10-31 14:51:02,264:INFO:   category_encoders: 2.5.0
2022-10-31 14:51:02,264:INFO:            lightgbm: 3.3.2
2022-10-31 14:51:02,264:INFO:               numba: 0.54.1
2022-10-31 14:51:02,264:INFO:            requests: 2.28.1
2022-10-31 14:51:02,264:INFO:          matplotlib: 3.5.1
2022-10-31 14:51:02,264:INFO:          scikitplot: 0.3.7
2022-10-31 14:51:02,264:INFO:         yellowbrick: 1.5
2022-10-31 14:51:02,264:INFO:              plotly: 5.6.0
2022-10-31 14:51:02,264:INFO:             kaleido: 0.2.1
2022-10-31 14:51:02,265:INFO:         statsmodels: 0.12.2
2022-10-31 14:51:02,265:INFO:              sktime: 0.13.4
2022-10-31 14:51:02,265:INFO:               tbats: 1.1.0
2022-10-31 14:51:02,265:INFO:            pmdarima: 1.8.5
2022-10-31 14:51:02,265:INFO:              psutil: 5.9.3
2022-10-31 14:51:02,265:INFO:PyCaret optional dependencies:
2022-10-31 14:51:02,761:INFO:                shap: Not installed
2022-10-31 14:51:02,761:INFO:           interpret: Not installed
2022-10-31 14:51:02,761:INFO:                umap: Not installed
2022-10-31 14:51:02,761:INFO:    pandas_profiling: 3.4.0
2022-10-31 14:51:02,761:INFO:  explainerdashboard: Not installed
2022-10-31 14:51:02,761:INFO:             autoviz: Not installed
2022-10-31 14:51:02,761:INFO:           fairlearn: Not installed
2022-10-31 14:51:02,761:INFO:             xgboost: Not installed
2022-10-31 14:51:02,761:INFO:            catboost: Not installed
2022-10-31 14:51:02,761:INFO:              kmodes: Not installed
2022-10-31 14:51:02,761:INFO:             mlxtend: Not installed
2022-10-31 14:51:02,761:INFO:       statsforecast: Not installed
2022-10-31 14:51:02,761:INFO:        tune_sklearn: Not installed
2022-10-31 14:51:02,761:INFO:                 ray: Not installed
2022-10-31 14:51:02,761:INFO:            hyperopt: Not installed
2022-10-31 14:51:02,761:INFO:              optuna: Not installed
2022-10-31 14:51:02,761:INFO:               skopt: Not installed
2022-10-31 14:51:02,762:INFO:              mlflow: Not installed
2022-10-31 14:51:02,762:INFO:              gradio: Not installed
2022-10-31 14:51:02,762:INFO:             fastapi: 0.78.0
2022-10-31 14:51:02,762:INFO:             uvicorn: 0.18.2
2022-10-31 14:51:02,762:INFO:              m2cgen: Not installed
2022-10-31 14:51:02,762:INFO:           evidently: Not installed
2022-10-31 14:51:02,762:INFO:                nltk: 3.7
2022-10-31 14:51:02,762:INFO:            pyLDAvis: Not installed
2022-10-31 14:51:02,762:INFO:              gensim: Not installed
2022-10-31 14:51:02,762:INFO:               spacy: 3.3.1
2022-10-31 14:51:02,762:INFO:           wordcloud: Not installed
2022-10-31 14:51:02,762:INFO:            textblob: Not installed
2022-10-31 14:51:02,762:INFO:               fugue: Not installed
2022-10-31 14:51:02,762:INFO:           streamlit: 1.9.0
2022-10-31 14:51:02,762:INFO:             prophet: Not installed
2022-10-31 14:51:02,762:INFO:None
2022-10-31 14:51:02,762:INFO:Set up data.
2022-10-31 14:51:02,773:INFO:Set up train/test split.
2022-10-31 14:51:02,783:INFO:Set up index.
2022-10-31 14:51:02,783:INFO:Set up folding strategy.
2022-10-31 14:51:02,784:INFO:Assigning column types.
2022-10-31 14:51:02,787:INFO:Engine successfully changes for model 'lr' to 'sklearn'.
2022-10-31 14:51:02,788:INFO:Engine for model 'lasso' has not been set explicitly, hence returning None.
2022-10-31 14:51:02,793:INFO:Engine for model 'ridge' has not been set explicitly, hence returning None.
2022-10-31 14:51:02,798:INFO:Engine for model 'en' has not been set explicitly, hence returning None.
2022-10-31 14:51:02,862:INFO:Engine for model 'svm' has not been set explicitly, hence returning None.
2022-10-31 14:51:02,916:INFO:Engine for model 'knn' has not been set explicitly, hence returning None.
2022-10-31 14:51:02,917:WARNING:
'xgboost' is a soft dependency and not included in the pycaret installation. Please run: `pip install xgboost` to install.
Alternately, you can install this by running `pip install pycaret[models]`
2022-10-31 14:51:04,469:WARNING:
'catboost' is a soft dependency and not included in the pycaret installation. Please run: `pip install catboost` to install.
Alternately, you can install this by running `pip install pycaret[models]`
2022-10-31 14:51:04,470:INFO:Engine for model 'lasso' has not been set explicitly, hence returning None.
2022-10-31 14:51:04,475:INFO:Engine for model 'ridge' has not been set explicitly, hence returning None.
2022-10-31 14:51:04,479:INFO:Engine for model 'en' has not been set explicitly, hence returning None.
2022-10-31 14:51:04,541:INFO:Engine for model 'svm' has not been set explicitly, hence returning None.
2022-10-31 14:51:04,588:INFO:Engine for model 'knn' has not been set explicitly, hence returning None.
2022-10-31 14:51:04,589:WARNING:
'xgboost' is a soft dependency and not included in the pycaret installation. Please run: `pip install xgboost` to install.
Alternately, you can install this by running `pip install pycaret[models]`
2022-10-31 14:51:04,590:WARNING:
'catboost' is a soft dependency and not included in the pycaret installation. Please run: `pip install catboost` to install.
Alternately, you can install this by running `pip install pycaret[models]`
2022-10-31 14:51:04,590:INFO:Engine successfully changes for model 'lasso' to 'sklearn'.
2022-10-31 14:51:04,595:INFO:Engine for model 'ridge' has not been set explicitly, hence returning None.
2022-10-31 14:51:04,600:INFO:Engine for model 'en' has not been set explicitly, hence returning None.
2022-10-31 14:51:04,659:INFO:Engine for model 'svm' has not been set explicitly, hence returning None.
2022-10-31 14:51:04,706:INFO:Engine for model 'knn' has not been set explicitly, hence returning None.
2022-10-31 14:51:04,707:WARNING:
'xgboost' is a soft dependency and not included in the pycaret installation. Please run: `pip install xgboost` to install.
Alternately, you can install this by running `pip install pycaret[models]`
2022-10-31 14:51:04,707:WARNING:
'catboost' is a soft dependency and not included in the pycaret installation. Please run: `pip install catboost` to install.
Alternately, you can install this by running `pip install pycaret[models]`
2022-10-31 14:51:04,712:INFO:Engine for model 'ridge' has not been set explicitly, hence returning None.
2022-10-31 14:51:04,717:INFO:Engine for model 'en' has not been set explicitly, hence returning None.
2022-10-31 14:51:04,775:INFO:Engine for model 'svm' has not been set explicitly, hence returning None.
2022-10-31 14:51:04,818:INFO:Engine for model 'knn' has not been set explicitly, hence returning None.
2022-10-31 14:51:04,819:WARNING:
'xgboost' is a soft dependency and not included in the pycaret installation. Please run: `pip install xgboost` to install.
Alternately, you can install this by running `pip install pycaret[models]`
2022-10-31 14:51:04,819:WARNING:
'catboost' is a soft dependency and not included in the pycaret installation. Please run: `pip install catboost` to install.
Alternately, you can install this by running `pip install pycaret[models]`
2022-10-31 14:51:04,819:INFO:Engine successfully changes for model 'ridge' to 'sklearn'.
2022-10-31 14:51:04,828:INFO:Engine for model 'en' has not been set explicitly, hence returning None.
2022-10-31 14:51:04,886:INFO:Engine for model 'svm' has not been set explicitly, hence returning None.
2022-10-31 14:51:04,931:INFO:Engine for model 'knn' has not been set explicitly, hence returning None.
2022-10-31 14:51:04,932:WARNING:
'xgboost' is a soft dependency and not included in the pycaret installation. Please run: `pip install xgboost` to install.
Alternately, you can install this by running `pip install pycaret[models]`
2022-10-31 14:51:04,933:WARNING:
'catboost' is a soft dependency and not included in the pycaret installation. Please run: `pip install catboost` to install.
Alternately, you can install this by running `pip install pycaret[models]`
2022-10-31 14:51:04,942:INFO:Engine for model 'en' has not been set explicitly, hence returning None.
2022-10-31 14:51:05,003:INFO:Engine for model 'svm' has not been set explicitly, hence returning None.
2022-10-31 14:51:05,049:INFO:Engine for model 'knn' has not been set explicitly, hence returning None.
2022-10-31 14:51:05,050:WARNING:
'xgboost' is a soft dependency and not included in the pycaret installation. Please run: `pip install xgboost` to install.
Alternately, you can install this by running `pip install pycaret[models]`
2022-10-31 14:51:05,051:WARNING:
'catboost' is a soft dependency and not included in the pycaret installation. Please run: `pip install catboost` to install.
Alternately, you can install this by running `pip install pycaret[models]`
2022-10-31 14:51:05,051:INFO:Engine successfully changes for model 'en' to 'sklearn'.
2022-10-31 14:51:05,120:INFO:Engine for model 'svm' has not been set explicitly, hence returning None.
2022-10-31 14:51:05,166:INFO:Engine for model 'knn' has not been set explicitly, hence returning None.
2022-10-31 14:51:05,167:WARNING:
'xgboost' is a soft dependency and not included in the pycaret installation. Please run: `pip install xgboost` to install.
Alternately, you can install this by running `pip install pycaret[models]`
2022-10-31 14:51:05,167:WARNING:
'catboost' is a soft dependency and not included in the pycaret installation. Please run: `pip install catboost` to install.
Alternately, you can install this by running `pip install pycaret[models]`
2022-10-31 14:51:05,240:INFO:Engine for model 'svm' has not been set explicitly, hence returning None.
2022-10-31 14:51:05,289:INFO:Engine for model 'knn' has not been set explicitly, hence returning None.
2022-10-31 14:51:05,290:WARNING:
'xgboost' is a soft dependency and not included in the pycaret installation. Please run: `pip install xgboost` to install.
Alternately, you can install this by running `pip install pycaret[models]`
2022-10-31 14:51:05,290:WARNING:
'catboost' is a soft dependency and not included in the pycaret installation. Please run: `pip install catboost` to install.
Alternately, you can install this by running `pip install pycaret[models]`
2022-10-31 14:51:05,290:INFO:Engine successfully changes for model 'knn' to 'sklearn'.
2022-10-31 14:51:05,358:INFO:Engine for model 'svm' has not been set explicitly, hence returning None.
2022-10-31 14:51:05,402:WARNING:
'xgboost' is a soft dependency and not included in the pycaret installation. Please run: `pip install xgboost` to install.
Alternately, you can install this by running `pip install pycaret[models]`
2022-10-31 14:51:05,403:WARNING:
'catboost' is a soft dependency and not included in the pycaret installation. Please run: `pip install catboost` to install.
Alternately, you can install this by running `pip install pycaret[models]`
2022-10-31 14:51:05,471:INFO:Engine for model 'svm' has not been set explicitly, hence returning None.
2022-10-31 14:51:05,519:WARNING:
'xgboost' is a soft dependency and not included in the pycaret installation. Please run: `pip install xgboost` to install.
Alternately, you can install this by running `pip install pycaret[models]`
2022-10-31 14:51:05,520:WARNING:
'catboost' is a soft dependency and not included in the pycaret installation. Please run: `pip install catboost` to install.
Alternately, you can install this by running `pip install pycaret[models]`
2022-10-31 14:51:05,520:INFO:Engine successfully changes for model 'svm' to 'sklearn'.
2022-10-31 14:51:05,631:WARNING:
'xgboost' is a soft dependency and not included in the pycaret installation. Please run: `pip install xgboost` to install.
Alternately, you can install this by running `pip install pycaret[models]`
2022-10-31 14:51:05,631:WARNING:
'catboost' is a soft dependency and not included in the pycaret installation. Please run: `pip install catboost` to install.
Alternately, you can install this by running `pip install pycaret[models]`
2022-10-31 14:51:05,740:WARNING:
'xgboost' is a soft dependency and not included in the pycaret installation. Please run: `pip install xgboost` to install.
Alternately, you can install this by running `pip install pycaret[models]`
2022-10-31 14:51:05,740:WARNING:
'catboost' is a soft dependency and not included in the pycaret installation. Please run: `pip install catboost` to install.
Alternately, you can install this by running `pip install pycaret[models]`
2022-10-31 14:51:05,744:INFO:Preparing preprocessing pipeline...
2022-10-31 14:51:05,745:INFO:Set up label encoding.
2022-10-31 14:51:05,745:INFO:Set up simple imputation.
2022-10-31 14:51:05,748:INFO:Set up encoding of ordinal features.
2022-10-31 14:51:05,750:INFO:Set up encoding of categorical features.
2022-10-31 14:51:05,750:INFO:Set up variance threshold.
2022-10-31 14:51:09,992:INFO:PyCaret RegressionExperiment
2022-10-31 14:51:09,992:INFO:Logging name: reg-default-name
2022-10-31 14:51:09,993:INFO:ML Usecase: MLUsecase.REGRESSION
2022-10-31 14:51:09,993:INFO:version 3.0.0.rc4
2022-10-31 14:51:09,993:INFO:Initializing setup()
2022-10-31 14:51:09,993:INFO:self.USI: 43e4
2022-10-31 14:51:09,993:INFO:self.variable_keys: {'y_train', 'idx', '_all_models_internal', 'fold_groups_param', 'log_plots_param', 'exp_name_log', 'y', 'transform_target_method_param', 'logging_param', 'display_container', 'variable_keys', 'n_jobs_param', '_all_metrics', 'USI', 'seed', 'pipeline', '_gpu_n_jobs_param', 'target_param', 'transform_target_param', 'y_test', '_ml_usecase', '_all_models', 'X_test', 'data', 'gpu_param', 'exp_id', 'fold_generator', 'fold_shuffle_param', 'X', 'master_model_container', '_available_plots', 'html_param', 'X_train', 'memory'}
2022-10-31 14:51:09,993:INFO:Checking environment
2022-10-31 14:51:09,993:INFO:python_version: 3.9.7
2022-10-31 14:51:09,993:INFO:python_build: ('default', 'Sep 16 2021 16:59:28')
2022-10-31 14:51:09,994:INFO:machine: AMD64
2022-10-31 14:51:09,994:INFO:platform: Windows-10-10.0.19044-SP0
2022-10-31 14:51:09,994:INFO:Memory: svmem(total=8164143104, available=736690176, percent=91.0, used=7427452928, free=736690176)
2022-10-31 14:51:09,994:INFO:Physical Core: 4
2022-10-31 14:51:09,994:INFO:Logical Core: 8
2022-10-31 14:51:09,994:INFO:Checking libraries
2022-10-31 14:51:09,994:INFO:System:
2022-10-31 14:51:09,994:INFO:    python: 3.9.7 (default, Sep 16 2021, 16:59:28) [MSC v.1916 64 bit (AMD64)]
2022-10-31 14:51:09,994:INFO:executable: C:\Users\aviparna.biswas\Anaconda3\python.exe
2022-10-31 14:51:09,994:INFO:   machine: Windows-10-10.0.19044-SP0
2022-10-31 14:51:09,994:INFO:PyCaret required dependencies:
2022-10-31 14:51:09,995:INFO:                 pip: 22.3
2022-10-31 14:51:09,995:INFO:          setuptools: 65.5.0
2022-10-31 14:51:09,995:INFO:             pycaret: 3.0.0.dev1649017462
2022-10-31 14:51:09,995:INFO:             IPython: 8.1.1
2022-10-31 14:51:09,995:INFO:          ipywidgets: 7.6.5
2022-10-31 14:51:09,995:INFO:                tqdm: 4.63.0
2022-10-31 14:51:09,995:INFO:               numpy: 1.21.6
2022-10-31 14:51:09,995:INFO:              pandas: 1.4.1
2022-10-31 14:51:09,995:INFO:              jinja2: 2.11.3
2022-10-31 14:51:09,995:INFO:               scipy: 1.8.1
2022-10-31 14:51:09,995:INFO:              joblib: 1.1.0
2022-10-31 14:51:09,995:INFO:             sklearn: 1.1.3
2022-10-31 14:51:09,996:INFO:                pyod: 1.0.4
2022-10-31 14:51:09,996:INFO:            imblearn: 0.9.1
2022-10-31 14:51:09,996:INFO:   category_encoders: 2.5.0
2022-10-31 14:51:09,996:INFO:            lightgbm: 3.3.2
2022-10-31 14:51:09,996:INFO:               numba: 0.54.1
2022-10-31 14:51:09,996:INFO:            requests: 2.28.1
2022-10-31 14:51:09,996:INFO:          matplotlib: 3.5.1
2022-10-31 14:51:09,996:INFO:          scikitplot: 0.3.7
2022-10-31 14:51:09,996:INFO:         yellowbrick: 1.5
2022-10-31 14:51:09,996:INFO:              plotly: 5.6.0
2022-10-31 14:51:09,996:INFO:             kaleido: 0.2.1
2022-10-31 14:51:09,996:INFO:         statsmodels: 0.12.2
2022-10-31 14:51:09,997:INFO:              sktime: 0.13.4
2022-10-31 14:51:09,997:INFO:               tbats: 1.1.0
2022-10-31 14:51:09,997:INFO:            pmdarima: 1.8.5
2022-10-31 14:51:09,997:INFO:              psutil: 5.9.3
2022-10-31 14:51:09,997:INFO:PyCaret optional dependencies:
2022-10-31 14:51:09,997:INFO:                shap: Not installed
2022-10-31 14:51:09,997:INFO:           interpret: Not installed
2022-10-31 14:51:09,997:INFO:                umap: Not installed
2022-10-31 14:51:09,997:INFO:    pandas_profiling: 3.4.0
2022-10-31 14:51:09,997:INFO:  explainerdashboard: Not installed
2022-10-31 14:51:09,997:INFO:             autoviz: Not installed
2022-10-31 14:51:09,998:INFO:           fairlearn: Not installed
2022-10-31 14:51:09,998:INFO:             xgboost: Not installed
2022-10-31 14:51:09,998:INFO:            catboost: Not installed
2022-10-31 14:51:09,998:INFO:              kmodes: Not installed
2022-10-31 14:51:09,998:INFO:             mlxtend: Not installed
2022-10-31 14:51:09,998:INFO:       statsforecast: Not installed
2022-10-31 14:51:09,998:INFO:        tune_sklearn: Not installed
2022-10-31 14:51:09,998:INFO:                 ray: Not installed
2022-10-31 14:51:09,998:INFO:            hyperopt: Not installed
2022-10-31 14:51:09,998:INFO:              optuna: Not installed
2022-10-31 14:51:09,999:INFO:               skopt: Not installed
2022-10-31 14:51:09,999:INFO:              mlflow: Not installed
2022-10-31 14:51:09,999:INFO:              gradio: Not installed
2022-10-31 14:51:09,999:INFO:             fastapi: 0.78.0
2022-10-31 14:51:09,999:INFO:             uvicorn: 0.18.2
2022-10-31 14:51:09,999:INFO:              m2cgen: Not installed
2022-10-31 14:51:09,999:INFO:           evidently: Not installed
2022-10-31 14:51:09,999:INFO:                nltk: 3.7
2022-10-31 14:51:09,999:INFO:            pyLDAvis: Not installed
2022-10-31 14:51:09,999:INFO:              gensim: Not installed
2022-10-31 14:51:09,999:INFO:               spacy: 3.3.1
2022-10-31 14:51:09,999:INFO:           wordcloud: Not installed
2022-10-31 14:51:10,000:INFO:            textblob: Not installed
2022-10-31 14:51:10,000:INFO:               fugue: Not installed
2022-10-31 14:51:10,000:INFO:           streamlit: 1.9.0
2022-10-31 14:51:10,000:INFO:             prophet: Not installed
2022-10-31 14:51:10,000:INFO:None
2022-10-31 14:51:10,000:INFO:Set up data.
2022-10-31 14:51:10,011:INFO:Set up train/test split.
2022-10-31 14:51:10,021:INFO:Set up index.
2022-10-31 14:51:10,022:INFO:Set up folding strategy.
2022-10-31 14:51:10,022:INFO:Assigning column types.
2022-10-31 14:51:10,031:INFO:Engine successfully changes for model 'lr' to 'sklearn'.
2022-10-31 14:51:10,031:INFO:Engine for model 'lasso' has not been set explicitly, hence returning None.
2022-10-31 14:51:10,037:INFO:Engine for model 'ridge' has not been set explicitly, hence returning None.
2022-10-31 14:51:10,045:INFO:Engine for model 'en' has not been set explicitly, hence returning None.
2022-10-31 14:51:10,118:INFO:Engine for model 'svm' has not been set explicitly, hence returning None.
2022-10-31 14:51:10,167:INFO:Engine for model 'knn' has not been set explicitly, hence returning None.
2022-10-31 14:51:10,167:WARNING:
'xgboost' is a soft dependency and not included in the pycaret installation. Please run: `pip install xgboost` to install.
Alternately, you can install this by running `pip install pycaret[models]`
2022-10-31 14:51:10,168:WARNING:
'catboost' is a soft dependency and not included in the pycaret installation. Please run: `pip install catboost` to install.
Alternately, you can install this by running `pip install pycaret[models]`
2022-10-31 14:51:10,168:INFO:Engine for model 'lasso' has not been set explicitly, hence returning None.
2022-10-31 14:51:10,173:INFO:Engine for model 'ridge' has not been set explicitly, hence returning None.
2022-10-31 14:51:10,178:INFO:Engine for model 'en' has not been set explicitly, hence returning None.
2022-10-31 14:51:10,244:INFO:Engine for model 'svm' has not been set explicitly, hence returning None.
2022-10-31 14:51:10,293:INFO:Engine for model 'knn' has not been set explicitly, hence returning None.
2022-10-31 14:51:10,294:WARNING:
'xgboost' is a soft dependency and not included in the pycaret installation. Please run: `pip install xgboost` to install.
Alternately, you can install this by running `pip install pycaret[models]`
2022-10-31 14:51:10,294:WARNING:
'catboost' is a soft dependency and not included in the pycaret installation. Please run: `pip install catboost` to install.
Alternately, you can install this by running `pip install pycaret[models]`
2022-10-31 14:51:10,295:INFO:Engine successfully changes for model 'lasso' to 'sklearn'.
2022-10-31 14:51:10,300:INFO:Engine for model 'ridge' has not been set explicitly, hence returning None.
2022-10-31 14:51:10,305:INFO:Engine for model 'en' has not been set explicitly, hence returning None.
2022-10-31 14:51:10,366:INFO:Engine for model 'svm' has not been set explicitly, hence returning None.
2022-10-31 14:51:10,413:INFO:Engine for model 'knn' has not been set explicitly, hence returning None.
2022-10-31 14:51:10,414:WARNING:
'xgboost' is a soft dependency and not included in the pycaret installation. Please run: `pip install xgboost` to install.
Alternately, you can install this by running `pip install pycaret[models]`
2022-10-31 14:51:10,414:WARNING:
'catboost' is a soft dependency and not included in the pycaret installation. Please run: `pip install catboost` to install.
Alternately, you can install this by running `pip install pycaret[models]`
2022-10-31 14:51:10,420:INFO:Engine for model 'ridge' has not been set explicitly, hence returning None.
2022-10-31 14:51:10,424:INFO:Engine for model 'en' has not been set explicitly, hence returning None.
2022-10-31 14:51:10,491:INFO:Engine for model 'svm' has not been set explicitly, hence returning None.
2022-10-31 14:51:10,546:INFO:Engine for model 'knn' has not been set explicitly, hence returning None.
2022-10-31 14:51:10,547:WARNING:
'xgboost' is a soft dependency and not included in the pycaret installation. Please run: `pip install xgboost` to install.
Alternately, you can install this by running `pip install pycaret[models]`
2022-10-31 14:51:10,547:WARNING:
'catboost' is a soft dependency and not included in the pycaret installation. Please run: `pip install catboost` to install.
Alternately, you can install this by running `pip install pycaret[models]`
2022-10-31 14:51:10,548:INFO:Engine successfully changes for model 'ridge' to 'sklearn'.
2022-10-31 14:51:10,559:INFO:Engine for model 'en' has not been set explicitly, hence returning None.
2022-10-31 14:51:10,635:INFO:Engine for model 'svm' has not been set explicitly, hence returning None.
2022-10-31 14:51:10,691:INFO:Engine for model 'knn' has not been set explicitly, hence returning None.
2022-10-31 14:51:10,692:WARNING:
'xgboost' is a soft dependency and not included in the pycaret installation. Please run: `pip install xgboost` to install.
Alternately, you can install this by running `pip install pycaret[models]`
2022-10-31 14:51:10,692:WARNING:
'catboost' is a soft dependency and not included in the pycaret installation. Please run: `pip install catboost` to install.
Alternately, you can install this by running `pip install pycaret[models]`
2022-10-31 14:51:10,706:INFO:Engine for model 'en' has not been set explicitly, hence returning None.
2022-10-31 14:51:10,802:INFO:Engine for model 'svm' has not been set explicitly, hence returning None.
2022-10-31 14:51:10,857:INFO:Engine for model 'knn' has not been set explicitly, hence returning None.
2022-10-31 14:51:10,857:WARNING:
'xgboost' is a soft dependency and not included in the pycaret installation. Please run: `pip install xgboost` to install.
Alternately, you can install this by running `pip install pycaret[models]`
2022-10-31 14:51:10,858:WARNING:
'catboost' is a soft dependency and not included in the pycaret installation. Please run: `pip install catboost` to install.
Alternately, you can install this by running `pip install pycaret[models]`
2022-10-31 14:51:10,858:INFO:Engine successfully changes for model 'en' to 'sklearn'.
2022-10-31 14:51:10,938:INFO:Engine for model 'svm' has not been set explicitly, hence returning None.
2022-10-31 14:51:10,987:INFO:Engine for model 'knn' has not been set explicitly, hence returning None.
2022-10-31 14:51:10,988:WARNING:
'xgboost' is a soft dependency and not included in the pycaret installation. Please run: `pip install xgboost` to install.
Alternately, you can install this by running `pip install pycaret[models]`
2022-10-31 14:51:10,988:WARNING:
'catboost' is a soft dependency and not included in the pycaret installation. Please run: `pip install catboost` to install.
Alternately, you can install this by running `pip install pycaret[models]`
2022-10-31 14:51:11,064:INFO:Engine for model 'svm' has not been set explicitly, hence returning None.
2022-10-31 14:51:11,114:INFO:Engine for model 'knn' has not been set explicitly, hence returning None.
2022-10-31 14:51:11,115:WARNING:
'xgboost' is a soft dependency and not included in the pycaret installation. Please run: `pip install xgboost` to install.
Alternately, you can install this by running `pip install pycaret[models]`
2022-10-31 14:51:11,115:WARNING:
'catboost' is a soft dependency and not included in the pycaret installation. Please run: `pip install catboost` to install.
Alternately, you can install this by running `pip install pycaret[models]`
2022-10-31 14:51:11,115:INFO:Engine successfully changes for model 'knn' to 'sklearn'.
2022-10-31 14:51:11,189:INFO:Engine for model 'svm' has not been set explicitly, hence returning None.
2022-10-31 14:51:11,244:WARNING:
'xgboost' is a soft dependency and not included in the pycaret installation. Please run: `pip install xgboost` to install.
Alternately, you can install this by running `pip install pycaret[models]`
2022-10-31 14:51:11,244:WARNING:
'catboost' is a soft dependency and not included in the pycaret installation. Please run: `pip install catboost` to install.
Alternately, you can install this by running `pip install pycaret[models]`
2022-10-31 14:51:11,327:INFO:Engine for model 'svm' has not been set explicitly, hence returning None.
2022-10-31 14:51:11,381:WARNING:
'xgboost' is a soft dependency and not included in the pycaret installation. Please run: `pip install xgboost` to install.
Alternately, you can install this by running `pip install pycaret[models]`
2022-10-31 14:51:11,381:WARNING:
'catboost' is a soft dependency and not included in the pycaret installation. Please run: `pip install catboost` to install.
Alternately, you can install this by running `pip install pycaret[models]`
2022-10-31 14:51:11,381:INFO:Engine successfully changes for model 'svm' to 'sklearn'.
2022-10-31 14:51:11,499:WARNING:
'xgboost' is a soft dependency and not included in the pycaret installation. Please run: `pip install xgboost` to install.
Alternately, you can install this by running `pip install pycaret[models]`
2022-10-31 14:51:11,499:WARNING:
'catboost' is a soft dependency and not included in the pycaret installation. Please run: `pip install catboost` to install.
Alternately, you can install this by running `pip install pycaret[models]`
2022-10-31 14:51:11,619:WARNING:
'xgboost' is a soft dependency and not included in the pycaret installation. Please run: `pip install xgboost` to install.
Alternately, you can install this by running `pip install pycaret[models]`
2022-10-31 14:51:11,620:WARNING:
'catboost' is a soft dependency and not included in the pycaret installation. Please run: `pip install catboost` to install.
Alternately, you can install this by running `pip install pycaret[models]`
2022-10-31 14:51:11,621:INFO:Preparing preprocessing pipeline...
2022-10-31 14:51:11,622:INFO:Set up label encoding.
2022-10-31 14:51:11,622:INFO:Set up simple imputation.
2022-10-31 14:51:11,625:INFO:Set up encoding of ordinal features.
2022-10-31 14:51:11,626:INFO:Set up encoding of categorical features.
2022-10-31 14:51:11,626:INFO:Set up variance threshold.
